<?xml version="1.0" encoding="UTF-8"?>
<!-- Generated by org.testng.reporters.JUnitXMLReporter -->
<testsuite ignored="3" hostname="SATH" failures="0" tests="1" name="Chrome Test" time="8.682" errors="0" timestamp="2026-04-16T18:44:37 CEST">
  <testcase classname="testScript.LoginTest" name="verifyTheUserIsAbletoLoginWithValidCredentials" time="3.115"/>
  <testcase classname="testScript.LoginTest" name="verifyTheUserIsAbletoLoginWithInvalidCredentialsSet1" time="0.0">
    <ignored/>
  </testcase> <!-- verifyTheUserIsAbletoLoginWithInvalidCredentialsSet1 -->
  <testcase classname="testScript.LoginTest" name="verifyTheUserIsAbletoLoginWithInvalidCredentialsSet2" time="0.0">
    <ignored/>
  </testcase> <!-- verifyTheUserIsAbletoLoginWithInvalidCredentialsSet2 -->
  <testcase classname="testScript.LoginTest" name="verifyTheUserIsAbletoLoginWithInvalidCredentialsSet3" time="0.0">
    <ignored/>
  </testcase> <!-- verifyTheUserIsAbletoLoginWithInvalidCredentialsSet3 -->
</testsuite> <!-- Chrome Test -->
