<?xml version="1.0" encoding="UTF-8"?>
<!-- Generated by org.testng.reporters.JUnitXMLReporter -->
<testsuite ignored="3" hostname="SATH" failures="0" tests="1" name="Edge Test" time="7.893" errors="0" timestamp="2026-04-16T18:44:36 CEST">
  <testcase classname="testScript.LoginTest" name="verifyTheUserIsAbletoLoginWithValidCredentials" time="0.454"/>
  <testcase classname="testScript.LoginTest" name="verifyTheUserIsAbletoLoginWithInvalidCredentialsSet1" time="0.0">
    <ignored/>
  </testcase> <!-- verifyTheUserIsAbletoLoginWithInvalidCredentialsSet1 -->
  <testcase classname="testScript.LoginTest" name="verifyTheUserIsAbletoLoginWithInvalidCredentialsSet2" time="0.0">
    <ignored/>
  </testcase> <!-- verifyTheUserIsAbletoLoginWithInvalidCredentialsSet2 -->
  <testcase classname="testScript.LoginTest" name="verifyTheUserIsAbletoLoginWithInvalidCredentialsSet3" time="0.0">
    <ignored/>
  </testcase> <!-- verifyTheUserIsAbletoLoginWithInvalidCredentialsSet3 -->
</testsuite> <!-- Edge Test -->
