<?xml version="1.0" encoding="UTF-8"?>
<!-- Generated by org.testng.reporters.JUnitXMLReporter -->
<testsuite ignored="4" hostname="SATH" failures="0" tests="1" name="Test" time="10.175" errors="0" timestamp="2026-04-17T18:34:32 CEST">
  <testcase classname="testScript.LoginTest" name="verifyTheUserIsAbletoLoginWithValidCredentials" time="1.153"/>
  <testcase classname="testScript.LoginTest" name="InvalidCredentialsSet1" time="0.0">
    <ignored/>
  </testcase> <!-- InvalidCredentialsSet1 -->
  <testcase classname="testScript.LogOutTest" name="verifyTheUserIsAbletoLoginWithValidCredentials" time="0.0">
    <ignored/>
  </testcase> <!-- verifyTheUserIsAbletoLoginWithValidCredentials -->
  <testcase classname="testScript.LoginTest" name="InvalidCredentialsSet3" time="0.0">
    <ignored/>
  </testcase> <!-- InvalidCredentialsSet3 -->
  <testcase classname="testScript.LoginTest" name="InvalidCredentialsSet2" time="0.0">
    <ignored/>
  </testcase> <!-- InvalidCredentialsSet2 -->
</testsuite> <!-- Test -->
