<?xml version="1.0" encoding="UTF-8"?>
<!-- Generated by org.testng.reporters.JUnitXMLReporter -->
<testsuite ignored="3" hostname="SATH" failures="0" tests="1" name="Default test" time="20.118" errors="0" timestamp="2026-04-14T16:50:41 CEST">
  <testcase classname="testScript.LoginTest" name="verifyTheUserIsAbletoLoginWithInvalidCredentials3" time="0.562"/>
  <testcase classname="testScript.LoginTest" name="verifyTheUserIsAbletoLoginWithInvalidCredentials2" time="0.0">
    <ignored/>
  </testcase> <!-- verifyTheUserIsAbletoLoginWithInvalidCredentials2 -->
  <testcase classname="testScript.LoginTest" name="verifyTheUserIsAbletoLoginWithInvalidCredentials1" time="0.0">
    <ignored/>
  </testcase> <!-- verifyTheUserIsAbletoLoginWithInvalidCredentials1 -->
  <testcase classname="testScript.LoginTest" name="verifyTheUserIsAbletoLoginWithValidCredentials" time="0.0">
    <ignored/>
  </testcase> <!-- verifyTheUserIsAbletoLoginWithValidCredentials -->
</testsuite> <!-- Default test -->
