<?xml version="1.0" encoding="UTF-8"?>
<!-- Generated by org.testng.reporters.JUnitXMLReporter -->
<testsuite ignored="3" hostname="SATH" failures="0" tests="1" name="Default test" time="9.634" errors="0" timestamp="2026-04-10T18:35:17 CEST">
  <testcase classname="testScript.LogIn" name="login4" time="2.443"/>
  <testcase classname="testScript.LogIn" name="login1" time="0.0">
    <ignored/>
  </testcase> <!-- login1 -->
  <testcase classname="testScript.LogIn" name="login2" time="0.0">
    <ignored/>
  </testcase> <!-- login2 -->
  <testcase classname="testScript.LogIn" name="login3" time="0.0">
    <ignored/>
  </testcase> <!-- login3 -->
</testsuite> <!-- Default test -->
