<?xml version="1.0" encoding="UTF-8"?>
<testng-results ignored="3" total="4" passed="1" failed="0" skipped="0">
  <reporter-output>
  </reporter-output>
  <suite started-at="2026-04-10T18:35:08 CEST" name="Default suite" finished-at="2026-04-10T18:35:17 CEST" duration-ms="9634">
    <groups>
    </groups>
    <test started-at="2026-04-10T18:35:08 CEST" name="Default test" finished-at="2026-04-10T18:35:17 CEST" duration-ms="9634">
      <class name="testScript.LogIn">
        <test-method is-config="true" signature="browserInitialisation()[pri:0, instance:testScript.LogIn@14cd1699]" started-at="2026-04-10T18:35:08 CEST" name="browserInitialisation" finished-at="2026-04-10T18:35:15 CEST" duration-ms="7161" status="PASS">
          <reporter-output>
          </reporter-output>
        </test-method> <!-- browserInitialisation -->
        <test-method signature="login4()[pri:0, instance:testScript.LogIn@14cd1699]" started-at="2026-04-10T18:35:15 CEST" name="login4" finished-at="2026-04-10T18:35:17 CEST" duration-ms="2443" status="PASS">
          <reporter-output>
          </reporter-output>
        </test-method> <!-- login4 -->
      </class> <!-- testScript.LogIn -->
    </test> <!-- Default test -->
  </suite> <!-- Default suite -->
</testng-results>
