<?xml version="1.0" encoding="UTF-8"?>
<testng-results ignored="3" total="4" passed="1" failed="0" skipped="0">
  <reporter-output>
  </reporter-output>
  <suite started-at="2026-04-14T16:50:21 CEST" name="Default suite" finished-at="2026-04-14T16:50:41 CEST" duration-ms="20118">
    <groups>
    </groups>
    <test started-at="2026-04-14T16:50:21 CEST" name="Default test" finished-at="2026-04-14T16:50:41 CEST" duration-ms="20118">
      <class name="testScript.LoginTest">
        <test-method is-config="true" signature="browserInitialisation()[pri:0, instance:testScript.LoginTest@14cd1699]" started-at="2026-04-14T16:50:21 CEST" name="browserInitialisation" finished-at="2026-04-14T16:50:41 CEST" duration-ms="19502" status="PASS">
          <reporter-output>
          </reporter-output>
        </test-method> <!-- browserInitialisation -->
        <test-method signature="verifyTheUserIsAbletoLoginWithInvalidCredentials3()[pri:0, instance:testScript.LoginTest@14cd1699]" started-at="2026-04-14T16:50:41 CEST" name="verifyTheUserIsAbletoLoginWithInvalidCredentials3" finished-at="2026-04-14T16:50:41 CEST" duration-ms="562" status="PASS">
          <reporter-output>
          </reporter-output>
        </test-method> <!-- verifyTheUserIsAbletoLoginWithInvalidCredentials3 -->
      </class> <!-- testScript.LoginTest -->
    </test> <!-- Default test -->
  </suite> <!-- Default suite -->
</testng-results>
