<?xml version="1.0" encoding="UTF-8"?>
<!-- Generated by org.testng.reporters.JUnitXMLReporter -->
<testsuite ignored="3" hostname="SATH" failures="0" tests="1" name="Test" time="9.628" errors="0" timestamp="2026-04-24T18:12:15 CEST">
  <testcase classname="testScript.LoginTest" name="verifyTheUserIsAbletoLoginWithValidCredentials" time="4.459"/>
  <testcase classname="testScript.LoginTest" name="InvalidCredentialsSet1" time="0.0">
    <ignored/>
  </testcase> <!-- InvalidCredentialsSet1 -->
  <testcase classname="testScript.LoginTest" name="InvalidCredentialsSet2" time="0.0">
    <ignored/>
  </testcase> <!-- InvalidCredentialsSet2 -->
  <testcase classname="testScript.LoginTest" name="InvalidCredentialsSet3" time="0.0">
    <ignored/>
  </testcase> <!-- InvalidCredentialsSet3 -->
</testsuite> <!-- Test -->
